# JRE version: Java(TM) SE Runtime Environment (17.0.7+8) (build 17.0.7+8-LTS-224)
# Java VM: Java HotSpot(TM) 64-Bit Server VM (17.0.7+8-LTS-224, mixed mode, sharing, tiered, compressed oops, compressed class ptrs, g1 gc, windows-amd64)
GC Precious Log:
 CPUs: 16 total, 16 available
 Memory: 28594M
 Large Page Support: Disabled
 NUMA Support: Disabled
 Compressed Oops: Enabled (Zero based)
 Heap Region Size: 4M
 Heap Min Capacity: 8M
 Heap Initial Capacity: 448M
 Heap Max Capacity: 7152M
 Pre-touch: Disabled
 Parallel Workers: 13
 Concurrent Workers: 3
 Concurrent Refinement Workers: 13
 Periodic GC: Disabled
Heap:
 garbage-first heap   total 221184K, used 135455K [0x0000000641000000, 0x0000000800000000)
  region size 4096K, 16 young (65536K), 3 survivors (12288K)
 Metaspace       used 48324K, committed 48832K, reserved 1097728K
  class space    used 4892K, committed 5120K, reserved 1048576K
GC Heap History (20 events):
Event: 3.780 GC heap before
{Heap before GC invocations=9 (full 0):
 garbage-first heap   total 151552K, used 115731K [0x0000000641000000, 0x0000000800000000)
  region size 4096K, 21 young (86016K), 1 survivors (4096K)
 Metaspace       used 29556K, committed 29952K, reserved 1081344K
  class space    used 3308K, committed 3456K, reserved 1048576K
}
Event: 3.789 GC heap after
{Heap after GC invocations=10 (full 0):
 garbage-first heap   total 151552K, used 44768K [0x0000000641000000, 0x0000000800000000)
  region size 4096K, 3 young (12288K), 3 survivors (12288K)
 Metaspace       used 29556K, committed 29952K, reserved 1081344K
  class space    used 3308K, committed 3456K, reserved 1048576K
}
Event: 4.001 GC heap before
{Heap before GC invocations=10 (full 0):
 garbage-first heap   total 151552K, used 98016K [0x0000000641000000, 0x0000000800000000)
  region size 4096K, 16 young (65536K), 3 survivors (12288K)
 Metaspace       used 29884K, committed 30272K, reserved 1081344K
  class space    used 3331K, committed 3520K, reserved 1048576K
}
Event: 4.009 GC heap after
{Heap after GC invocations=11 (full 0):
 garbage-first heap   total 151552K, used 46657K [0x0000000641000000, 0x0000000800000000)
  region size 4096K, 1 young (4096K), 1 survivors (4096K)
 Metaspace       used 29884K, committed 30272K, reserved 1081344K
  class space    used 3331K, committed 3520K, reserved 1048576K
}
Event: 4.191 GC heap before
{Heap before GC invocations=11 (full 0):
 garbage-first heap   total 151552K, used 104001K [0x0000000641000000, 0x0000000800000000)
  region size 4096K, 15 young (61440K), 1 survivors (4096K)
 Metaspace       used 30008K, committed 30400K, reserved 1081344K
  class space    used 3333K, committed 3520K, reserved 1048576K
}
Event: 4.194 GC heap after
{Heap after GC invocations=12 (full 0):
 garbage-first heap   total 151552K, used 47043K [0x0000000641000000, 0x0000000800000000)
  region size 4096K, 1 young (4096K), 1 survivors (4096K)
 Metaspace       used 30008K, committed 30400K, reserved 1081344K
  class space    used 3333K, committed 3520K, reserved 1048576K
}
Event: 4.852 GC heap before
{Heap before GC invocations=12 (full 0):
 garbage-first heap   total 151552K, used 108483K [0x0000000641000000, 0x0000000800000000)
  region size 4096K, 16 young (65536K), 1 survivors (4096K)
 Metaspace       used 32099K, committed 32448K, reserved 1081344K
  class space    used 3556K, committed 3712K, reserved 1048576K
}
Event: 4.859 GC heap after
{Heap after GC invocations=13 (full 0):
 garbage-first heap   total 151552K, used 49010K [0x0000000641000000, 0x0000000800000000)
  region size 4096K, 2 young (8192K), 2 survivors (8192K)
 Metaspace       used 32099K, committed 32448K, reserved 1081344K
  class space    used 3556K, committed 3712K, reserved 1048576K
}
Event: 5.505 GC heap before
{Heap before GC invocations=13 (full 0):
 garbage-first heap   total 151552K, used 106354K [0x0000000641000000, 0x0000000800000000)
  region size 4096K, 16 young (65536K), 2 survivors (8192K)
 Metaspace       used 32735K, committed 33088K, reserved 1081344K
  class space    used 3598K, committed 3776K, reserved 1048576K
}
Event: 5.515 GC heap after
{Heap after GC invocations=14 (full 0):
 garbage-first heap   total 184320K, used 51805K [0x0000000641000000, 0x0000000800000000)
  region size 4096K, 2 young (8192K), 2 survivors (8192K)
 Metaspace       used 32735K, committed 33088K, reserved 1081344K
  class space    used 3598K, committed 3776K, reserved 1048576K
}
Event: 6.329 GC heap before
{Heap before GC invocations=14 (full 0):
 garbage-first heap   total 184320K, used 129629K [0x0000000641000000, 0x0000000800000000)
  region size 4096K, 22 young (90112K), 2 survivors (8192K)
 Metaspace       used 38087K, committed 38464K, reserved 1089536K
  class space    used 4016K, committed 4160K, reserved 1048576K
}
Event: 6.337 GC heap after
{Heap after GC invocations=15 (full 0):
 garbage-first heap   total 184320K, used 60595K [0x0000000641000000, 0x0000000800000000)
  region size 4096K, 3 young (12288K), 3 survivors (12288K)
 Metaspace       used 38087K, committed 38464K, reserved 1089536K
  class space    used 4016K, committed 4160K, reserved 1048576K
}
Event: 6.604 GC heap before
{Heap before GC invocations=15 (full 0):
 garbage-first heap   total 184320K, used 134323K [0x0000000641000000, 0x0000000800000000)
  region size 4096K, 21 young (86016K), 3 survivors (12288K)
 Metaspace       used 40421K, committed 40832K, reserved 1089536K
  class space    used 4216K, committed 4416K, reserved 1048576K
}
Event: 6.616 GC heap after
{Heap after GC invocations=16 (full 0):
 garbage-first heap   total 184320K, used 68425K [0x0000000641000000, 0x0000000800000000)
  region size 4096K, 2 young (8192K), 2 survivors (8192K)
 Metaspace       used 40421K, committed 40832K, reserved 1089536K
  class space    used 4216K, committed 4416K, reserved 1048576K
}
Event: 6.883 GC heap before
{Heap before GC invocations=16 (full 0):
 garbage-first heap   total 184320K, used 138057K [0x0000000641000000, 0x0000000800000000)
  region size 4096K, 19 young (77824K), 2 survivors (8192K)
 Metaspace       used 42568K, committed 42944K, reserved 1089536K
  class space    used 4435K, committed 4608K, reserved 1048576K
}
Event: 6.892 GC heap after
{Heap after GC invocations=17 (full 0):
 garbage-first heap   total 184320K, used 77815K [0x0000000641000000, 0x0000000800000000)
  region size 4096K, 3 young (12288K), 3 survivors (12288K)
 Metaspace       used 42568K, committed 42944K, reserved 1089536K
  class space    used 4435K, committed 4608K, reserved 1048576K
}
Event: 6.968 GC heap before
{Heap before GC invocations=17 (full 0):
 garbage-first heap   total 184320K, used 135159K [0x0000000641000000, 0x0000000800000000)
  region size 4096K, 17 young (69632K), 3 survivors (12288K)
 Metaspace       used 42568K, committed 42944K, reserved 1089536K
  class space    used 4435K, committed 4608K, reserved 1048576K
}
Event: 6.977 GC heap after
{Heap after GC invocations=18 (full 0):
 garbage-first heap   total 221184K, used 84421K [0x0000000641000000, 0x0000000800000000)
  region size 4096K, 2 young (8192K), 2 survivors (8192K)
 Metaspace       used 42568K, committed 42944K, reserved 1089536K
  class space    used 4435K, committed 4608K, reserved 1048576K
}
Event: 7.321 GC heap before
{Heap before GC invocations=18 (full 0):
 garbage-first heap   total 221184K, used 141765K [0x0000000641000000, 0x0000000800000000)
  region size 4096K, 17 young (69632K), 2 survivors (8192K)
 Metaspace       used 44336K, committed 44800K, reserved 1089536K
  class space    used 4614K, committed 4864K, reserved 1048576K
}
Event: 7.325 GC heap after
{Heap after GC invocations=19 (full 0):
 garbage-first heap   total 221184K, used 86303K [0x0000000641000000, 0x0000000800000000)
  region size 4096K, 3 young (12288K), 3 survivors (12288K)
 Metaspace       used 44336K, committed 44800K, reserved 1089536K
  class space    used 4614K, committed 4864K, reserved 1048576K
}

